<?xml version="1.0" encoding="UTF-8"?>
<!-- Generated by org.testng.reporters.JUnitReportReporter -->
<testsuite skipped="0" hostname="LAPTOP-S756K68B" name="runners.RerunRunner" tests="1" failures="0" timestamp="2021-09-30T15:48:59 IST" time="8.408" errors="0">
  <testcase name="runScenario" time="8.408" classname="runners.RerunRunner"/>
  <system-out/>
</testsuite> <!-- runners.RerunRunner -->
