<?xml version="1.0" encoding="UTF-8"?>
<!-- Generated by org.testng.reporters.JUnitReportReporter -->
<testsuite skipped="0" hostname="LAPTOP-S756K68B" name="runners.CRMHookRunner" tests="5" failures="0" timestamp="2021-10-01T17:23:22 IST" time="0.413" errors="0">
  <testcase name="runScenario" time="0.027" classname="runners.CRMHookRunner"/>
  <system-out/>
  <testcase name="runScenario" time="0.027" classname="runners.CRMHookRunner"/>
  <system-out/>
  <testcase name="runScenario" time="0.030" classname="runners.CRMHookRunner"/>
  <system-out/>
  <testcase name="runScenario" time="0.294" classname="runners.CRMHookRunner"/>
  <system-out/>
  <testcase name="runScenario" time="0.035" classname="runners.CRMHookRunner"/>
  <system-out/>
</testsuite> <!-- runners.CRMHookRunner -->
