<?xml version="1.0" encoding="UTF-8"?>
<!-- Generated by org.testng.reporters.JUnitReportReporter -->
<testsuite skipped="0" hostname="LAPTOP-S756K68B" name="runners.GooglePageRunner" tests="1" failures="0" timestamp="2021-10-04T15:46:06 IST" time="14.747" errors="0">
  <testcase name="runScenario" time="14.747" classname="runners.GooglePageRunner"/>
  <system-out/>
</testsuite> <!-- runners.GooglePageRunner -->
